120
Connection from ('85.238.77.68', 49962)
küldve
Process not found: starting it.
Serving on ('0.0.0.0', 12345)
120
Connection from ('85.238.77.68', 51893)
küldve üres
120
Connection from ('85.238.77.68', 51894)
küldve
120
Process not found: starting it.
Serving on ('0.0.0.0', 12345)
120
Connection from ('85.238.77.68', 56426)
küldve üres
120
Connection from ('85.238.77.68', 56427)
küldve
120
Connection from ('85.238.77.68', 61789)
küldve üres
Process not found: starting it.
Process found: exiting
Process not found: starting it.
Process not found: starting it.
Process found: exiting
Process not found: starting it.
Serving on ('0.0.0.0', 12345)
Serving on ('0.0.0.0', 12345)
Process not found: starting it.
Serving on ('0.0.0.0', 12345)
Process not found: starting it.
Serving on ('0.0.0.0', 12345)
Process not found: starting it.
Serving on ('0.0.0.0', 12345)
Process found: exiting
Process not found: starting it.
Serving on ('0.0.0.0', 12345)
Process not found: starting it.
Serving on ('0.0.0.0', 12345)
Process not found: starting it.
Serving on ('0.0.0.0', 12345)
Process not found: starting it.
Serving on ('0.0.0.0', 12345)
Process found: exiting
Process not found: starting it.
Serving on ('0.0.0.0', 12345)
120
Connection from ('130.61.76.107', 39628)
küldve üres
120
Connection from ('130.61.76.107', 39634)
küldve
1195725856
1195725856
50331667
120
Connection from ('130.61.76.107', 48688)
küldve üres
Process not found: starting it.
Serving on ('0.0.0.0', 12345)
120
Connection from ('130.61.76.107', 57150)
küldve üres
120
Connection from ('130.61.76.107', 57162)
küldve üres
120
Connection from ('130.61.76.107', 57234)
küldve üres
120
Connection from ('130.61.76.107', 57238)
küldve
120
Connection from ('130.61.76.107', 57258)
küldve üres
120
Connection from ('130.61.76.107', 57262)
küldve üres
120
Connection from ('130.61.76.107', 57274)
küldve
120
Connection from ('130.61.76.107', 57298)
küldve
Process not found: starting it.
Serving on ('0.0.0.0', 12345)
120
Connection from ('130.61.76.107', 60784)
küldve üres
1195725856
0
1195725856
Serving on ('0.0.0.0', 12345)
120
Connection from ('130.61.76.107', 40510)
küldve
120
Connection from ('130.61.76.107', 40576)
küldve üres
120
Connection from ('130.61.76.107', 40598)
küldve üres
120
Connection from ('130.61.76.107', 41478)
küldve üres
120
Connection from ('130.61.76.107', 41480)
küldve üres
120
Connection from ('130.61.76.107', 42576)
küldve üres
120
Connection from ('130.61.76.107', 45018)
küldve üres
120
Connection from ('130.61.76.107', 45052)
küldve üres
120
Connection from ('130.61.76.107', 45054)
küldve üres
120
Connection from ('130.61.76.107', 45058)
küldve üres
120
Connection from ('130.61.76.107', 45060)
küldve üres
120
Connection from ('130.61.76.107', 45088)
küldve üres
120
Connection from ('130.61.76.107', 45104)
küldve üres
120
Connection from ('130.61.76.107', 45342)
küldve üres
120
Connection from ('130.61.76.107', 46108)
küldve
120
Connection from ('130.61.76.107', 46130)
küldve
120
Connection from ('130.61.76.107', 49030)
küldve üres
120
Connection from ('130.61.76.107', 49064)
küldve üres
1195725856
Serving on ('0.0.0.0', 12345)
120
Connection from ('130.61.76.107', 32784)
küldve üres
Serving on ('0.0.0.0', 12345)
Serving on ('0.0.0.0', 12345)
1212501072
1195725856
218762506
1195725856
1330664521
1330664521
2147483688
1966086
786432
369295360
369295360
113
164
1811942144
1195725856
23356774
813957120
806093313
1330664521
1414417744
50331659
1148019796
973078528
1246907721
16777469
5898240
196609
1195986768
369295360
1195725856
1195725856
1195725856
1212498244
0
369295618
369295618
369295618
369295618
369295360
1195725856
1212498244
1195725856
369295618
369295618
369295618
1212498244
1195725856
369295618
369295618
1212498244
369295618
1212498244
369295618
1212498244
369295618
1212498244
369295618
1212498244
369295618
1212498244
369295618
1212498244
369295618
1212498244
369295618
1212498244
369295618
1212498244
369295618
1212498244
369295618
1212498244
369295618
1212498244
369295618
1212498244
369295618
1212498244
369295618
1212498244
369295618
1212498244
369295618
1212498244
369295618
1212498244
369295618
1212498244
369295618
1212498244
369295618
1212498244
369295618
1212498244
369295618
1212498244
369295618
1212498244
369295618
1212498244
369295618
1212498244
369295618
1212498244
369295618
1212498244
369295618
1212498244
369295618
1212498244
369295618
2147483688
0
1195725856
50331667
1195725856
10
120
Connection from ('130.61.76.107', 56954)
küldve üres
1195725856
0
1195725856
0
1212501072
1195725856
302055450
0
0
50331692
110
0
369295616
1195725856
120
Connection from ('130.61.76.107', 51432)
küldve üres
50331695
1195725856
1195725856
1212501072
1195725856
302055450
50331692
110
0
0
369295616
1195725856
1195725856
1195725856
67174425
327936
1129270862
67174480
327936
1129270862
10
1195725856
369295616
1195725856
50331667
1195725856
1195725856
10
50331692
120
Connection from ('130.61.76.107', 57056)
küldve üres
120
Connection from ('130.61.76.107', 57116)
küldve üres
1195725856
1195725856
1195725856
1212501072
302055450
50331692
110
0
369295616
50331695
302055476
1195725856
1195725856
369295618
4278255616
120
Connection from ('130.61.76.107', 34260)
küldve üres
120
Connection from ('130.61.76.107', 34310)
küldve üres
120
Connection from ('130.61.76.107', 34450)
küldve üres
120
Connection from ('130.61.76.107', 34518)
küldve üres
120
Connection from ('130.61.76.107', 34592)
küldve üres
120
Connection from ('130.61.76.107', 34642)
küldve üres
120
Connection from ('130.61.76.107', 34650)
küldve üres
120
Connection from ('130.61.76.107', 34772)
küldve üres
50331695
10
50331695
120
Connection from ('130.61.76.107', 40664)
küldve üres
120
Connection from ('130.61.76.107', 40696)
küldve üres
120
Connection from ('130.61.76.107', 40702)
küldve üres
120
Connection from ('130.61.76.107', 40726)
küldve üres
1195725856
1195725856
0
1212501072
50331692
1195725856
369295616
0
1397966893
0
369295616
2150498560
0
1195725856
4278215680
67174425
327936
1129270862
1195725856
67174480
327936
1129270862
67174480
120
Connection from ('130.61.76.107', 55210)
küldve üres
1129270862
120
Connection from ('130.61.76.107', 55254)
küldve üres
10
1195725856
1195725856
1195725856
Serving on ('0.0.0.0', 12345)
120
Connection from ('130.61.76.107', 57480)
küldve
120
Connection from ('130.61.76.107', 57482)
küldve üres
120
Connection from ('130.61.76.107', 57484)
küldve
120
Connection from ('130.61.76.107', 57486)
küldve
120
Connection from ('130.61.76.107', 57488)
küldve
1195725856
0
0
1195725856
50331692
1195725856
1195725856
1212501072
1195725856
302055450
110
50331692
0
369295616
1195725856
369295616
0
1397966893
0
369295616
2150498560
0
1195725856
1195725856
1195725856
369295616
1195725856
120
Connection from ('130.61.76.107', 57490)
küldve üres
1195725856
1195725856
1212501072
1195725856
302055450
50331692
110
0
369295616
50331692
50331692
4278255616
1195725856
50331692
4278215680
1195725856
1195725856
1195725856
1162366031
0
120
Connection from ('130.61.76.107', 57492)
küldve üres
120
Connection from ('130.61.76.107', 57494)
küldve üres
120
Connection from ('130.61.76.107', 57496)
küldve üres
369295616
1195725856
1195725856
1195725856
1212501072
1195725856
302055450
50331692
110
0
369295616
1212501072
1195725856
218762506
1195725856
1330664521
1330664521
2147483688
1966086
369295360
369295360
113
164
1811942144
1330664521
369295360
234881024
1195725856
369295360
0
369295618
369295618
369295360
0
369295360
369295616
1195725856
50331667
50331695
1195725856
1195725856
1195725856
50331695
1195725856
1195725856
50331692
67174425
327936
1129270862
1195725856
67174480
67174480
327936
1129270862
1195725856
50331692
1195725856
120
Connection from ('130.61.76.107', 57498)
küldve üres
50331692
1195725856
369295618
120
Connection from ('130.61.76.107', 57500)
küldve üres
120
Connection from ('130.61.76.107', 57502)
küldve üres
Serving on ('0.0.0.0', 12345)
Serving on ('0.0.0.0', 12345)
120
Connection from ('152.66.209.202', 1049)
küldve üres
120
Connection from ('130.61.76.107', 57570)
küldve üres
120
Connection from ('130.61.76.107', 57572)
küldve üres
369295618
120
Connection from ('130.61.76.107', 57574)
küldve
1195725856
120
Connection from ('130.61.76.107', 57576)
küldve
120
Connection from ('130.61.76.107', 57578)
küldve üres
120
Connection from ('130.61.76.107', 57580)
küldve üres
120
Connection from ('130.61.76.107', 57582)
küldve
120
Connection from ('130.61.76.107', 57584)
küldve
120
Connection from ('130.61.76.107', 57586)
küldve üres
120
Connection from ('130.61.76.107', 57588)
küldve
120
Connection from ('130.61.76.107', 57590)
küldve
120
Connection from ('130.61.76.107', 57592)
küldve
1195725856
120
Connection from ('130.61.76.107', 57594)
küldve
120
Connection from ('130.61.76.107', 57596)
küldve
50331692
50331692
120
Connection from ('130.61.76.107', 57598)
küldve
120
Connection from ('130.61.76.107', 57600)
küldve
120
Connection from ('130.61.76.107', 57602)
küldve
120
Connection from ('130.61.76.107', 57604)
küldve üres
120
Connection from ('130.61.76.107', 57606)
küldve üres
120
Connection from ('130.61.76.107', 57608)
küldve üres
120
Connection from ('130.61.76.107', 57612)
küldve üres
120
Connection from ('130.61.76.107', 57614)
küldve üres
120
Connection from ('130.61.76.107', 57616)
küldve üres
120
Connection from ('130.61.76.107', 57618)
küldve üres
120
Connection from ('130.61.76.107', 57620)
küldve üres
120
Connection from ('130.61.76.107', 57622)
küldve üres
120
Connection from ('130.61.76.107', 57624)
küldve üres
1195725856
4278255616
1195725856
0
4278215680
120
Connection from ('130.61.76.107', 57626)
küldve üres
120
Connection from ('130.61.76.107', 57628)
küldve
120
Connection from ('130.61.76.107', 57630)
küldve üres
1195725856
50331692
120
Connection from ('130.61.76.107', 57632)
küldve üres
1195725856
369295616
0
1397966893
0
369295616
2150498560
0
1195725856
1195725856
120
Connection from ('130.61.76.107', 57634)
küldve üres
1195725856
50331692
4278215680
1195725856
50331692
50331692
50331695
1195725856
1195725856
50331692
120
Connection from ('130.61.76.107', 57636)
küldve üres
50331695
50331695
1195725856
50331695
1245992784
369295616
1195725856
50331667
2065852772
369295616
50331695
50331695
1195725856
1195725856
1195725856
50331692
1195725856
369295616
1195725856
369295616
1162366031
369295616
369295616
1195725856
1195725856
369295616
50331667
50331667
1195725856
2065852772
2065852772
50331667
369295616
369295616
2065852772
369295616
0
50331667
50331692
1195725856
369295616
120
Connection from ('130.61.76.107', 57638)
küldve üres
67174425
327936
1129270862
67174480
327936
1129270862
1195725856
1212501072
1195725856
218762506
1195725856
1330664521
1330664521
2147483688
1966086
369295360
369295360
113
164
1811942144
1330664521
369295360
234881024
0
0
1195725856
50331695
1195725856
1195725856
50331692
1195725856
4278255616
1195725856
1195725856
120
Connection from ('130.61.76.107', 57640)
küldve üres
1212501072
1195725856
218762506
1195725856
1330664521
1330664521
2147483688
1966086
369295360
369295360
113
164
1811942144
1330664521
369295360
234881024
1195725856
369295360
369295360
0
0
1212498244
4278215680
50331692
67174425
327936
67174425
327936
1129270862
67174480
327936
1129270862
1195725856
1195725856
120
Connection from ('130.61.76.107', 57642)
küldve üres
1195725856
1195725856
50331692
50331695
1195725856
1212501072
1195725856
218762506
1195725856
1330664521
1330664521
2147483688
1966086
369295360
369295360
113
164
1811942144
1330664521
234881024
369295360
1195725856
369295360
369295618
0
369295618
369295360
0
369295360
0
50331695
0
1195725856
1212501072
1195725856
218762506
369295616
1330664521
1330664521
2147483688
1347569952
2763007
1966086
786432
1095586128
369295360
50331690
50331667
369295360
113
164
1811942144
1195725856
23356774
813957120
806093313
1330664521
1414417744
50331659
109290570
10223617
1148019796
973078528
1246907721
16777469
5898240
302055476
1937006964
196609
1090519040
707857674
1195986768
269484036
0
50331692
1195725856
1195725856
50331695
120
Connection from ('130.61.76.107', 34514)
küldve üres
120
Connection from ('130.61.76.107', 34516)
küldve üres
120
Connection from ('130.61.76.107', 34518)
küldve üres
120
Connection from ('130.61.76.107', 34520)
küldve üres
120
Connection from ('130.61.76.107', 34522)
küldve üres
0
1195725856
2
1751477356
3913376084
2657177947
1751477356
2813790235
1751477356
724469068
2065853797
2065852772
2065854561
2065852772
2065854561
2065852772
369295616
1195725856
50331695
50331692
50331692
1195725856
1195725856
369295616
0
1397966893
0
369295616
2150498560
0
1195725856
50331695
1195725856
1195725856
369295616
1195725856
369295616
1162366031
4278255616
120
Connection from ('130.61.76.107', 34524)
küldve üres
1195725856
369295618
4278255616
50331692
1195725856
1195725856
1212501072
1195725856
302055450
50331692
110
0
369295616
1212498244
1212501072
1195725856
218762506
1195725856
1330664521
1330664521
2147483688
1966086
369295360
369295360
113
164
1811942144
1330664521
369295360
234881024
1195725856
369295360
369295360
0
0
369295360
369295360
1195725856
1195725856
1212501072
302055450
110
50331692
0
0
369295616
1195725856
1195725856
50331695
1195725856
50331692
1195725856
Serving on ('0.0.0.0', 12345)
120
Connection from ('130.61.76.107', 34848)
küldve
120
Connection from ('130.61.76.107', 34850)
küldve
120
Connection from ('130.61.76.107', 34852)
küldve
120
Connection from ('130.61.76.107', 34854)
küldve üres
120
Connection from ('130.61.76.107', 34856)
küldve
120
Connection from ('130.61.76.107', 34858)
küldve üres
120
Connection from ('130.61.76.107', 34860)
küldve
120
Connection from ('130.61.76.107', 34862)
küldve
120
Connection from ('130.61.76.107', 34864)
küldve
50331695
120
Connection from ('130.61.76.107', 34866)
küldve
120
Connection from ('130.61.76.107', 34868)
küldve
120
Connection from ('130.61.76.107', 34870)
küldve
120
Connection from ('130.61.76.107', 34872)
küldve
120
Connection from ('130.61.76.107', 34874)
küldve
120
Connection from ('130.61.76.107', 34876)
küldve
120
Connection from ('130.61.76.107', 34878)
küldve
120
Connection from ('130.61.76.107', 34880)
küldve
1195725856
0
1195725856
1195725856
67174425
327936
1129270862
67174480
327936
1129270862
120
Connection from ('130.61.76.107', 34882)
küldve
120
Connection from ('130.61.76.107', 34884)
küldve üres
0
1195725856
1195725856
1212501072
1195725856
302055450
50331692
49
110
0
369295616
50331695
1195725856
369295616
0
1397966893
0
369295616
2150498560
0
1195725856
369295618
4278255616
120
Connection from ('130.61.76.107', 34888)
küldve üres
120
Connection from ('130.61.76.107', 34890)
küldve üres
120
Connection from ('130.61.76.107', 34892)
küldve üres
120
Connection from ('130.61.76.107', 34894)
küldve üres
120
Connection from ('130.61.76.107', 34896)
küldve üres
120
Connection from ('130.61.76.107', 34898)
küldve üres
120
Connection from ('130.61.76.107', 34900)
küldve üres
120
Connection from ('130.61.76.107', 34902)
küldve
120
Connection from ('130.61.76.107', 34904)
küldve
1195725856
1195725856
1195725856
1212501072
302055450
50331692
49
110
0
369295616
120
Connection from ('130.61.76.107', 34906)
küldve üres
120
Connection from ('130.61.76.107', 34908)
küldve
120
Connection from ('130.61.76.107', 34910)
küldve üres
120
Connection from ('130.61.76.107', 34912)
küldve
120
Connection from ('130.61.76.107', 34916)
küldve
1195725856
1212501072
1195725856
218762506
1195725856
1330664521
1330664521
2147483688
1966086
369295360
369295360
113
164
1811942144
1330664521
234881024
369295360
1195725856
369295360
0
369295618
369295618
369295360
0
369295360
0
120
Connection from ('130.61.76.107', 34918)
küldve üres
120
Connection from ('130.61.76.107', 34922)
küldve üres
120
Connection from ('130.61.76.107', 34926)
küldve
120
Connection from ('130.61.76.107', 34928)
küldve üres
120
Connection from ('130.61.76.107', 34930)
küldve
120
Connection from ('130.61.76.107', 34932)
küldve üres
120
Connection from ('130.61.76.107', 34934)
küldve üres
120
Connection from ('130.61.76.107', 34936)
küldve üres
120
Connection from ('130.61.76.107', 34938)
küldve
120
Connection from ('130.61.76.107', 34942)
küldve üres
120
Connection from ('130.61.76.107', 34944)
küldve
120
Connection from ('130.61.76.107', 34946)
küldve üres
120
Connection from ('130.61.76.107', 34948)
küldve
50331692
1195725856
120
Connection from ('130.61.76.107', 34952)
küldve üres
1195725856
50331695
120
Connection from ('130.61.76.107', 34954)
küldve üres
120
Connection from ('130.61.76.107', 34956)
küldve üres
120
Connection from ('130.61.76.107', 34958)
küldve
120
Connection from ('130.61.76.107', 34960)
küldve üres
120
Connection from ('130.61.76.107', 34962)
küldve üres
120
Connection from ('130.61.76.107', 34964)
küldve üres
120
Connection from ('130.61.76.107', 34966)
küldve üres
120
Connection from ('130.61.76.107', 34968)
küldve üres
1195725856
1195725856
120
Connection from ('130.61.76.107', 34970)
küldve üres
1195725856
1195725856
1212501072
302055450
50331692
49
110
0
369295616
50331692
4278215680
1195725856
120
Connection from ('130.61.76.107', 34972)
küldve üres
1212501072
1195725856
218762506
1195725856
1330664521
1330664521
2147483688
1966086
369295360
369295360
113
164
1811942144
1330664521
369295360
234881024
369295360
0
0
0
369295360
1212498244
0
0
0
1212501072
0
50331695
120
Connection from ('130.61.76.107', 34976)
küldve üres
120
Connection from ('130.61.76.107', 34978)
küldve üres
120
Connection from ('130.61.76.107', 34980)
küldve üres
1195725856
50331695
67174425
327936
1129270862
67174480
327936
1129270862
120
Connection from ('130.61.76.107', 34982)
küldve üres
120
Connection from ('130.61.76.107', 34984)
küldve üres
120
Connection from ('130.61.76.107', 34986)
küldve üres
120
Connection from ('130.61.76.107', 34988)
küldve üres
120
Connection from ('130.61.76.107', 34990)
küldve üres
50331692
50331692
120
Connection from ('130.61.76.107', 34992)
küldve üres
120
Connection from ('130.61.76.107', 34994)
küldve üres
1195725856
1195725856
1195725856
120
Connection from ('130.61.76.107', 34996)
küldve üres
120
Connection from ('130.61.76.107', 34998)
küldve üres
120
Connection from ('130.61.76.107', 35000)
küldve üres
1195725856
0
1195725856
1212501072
1195725856
218762506
369295616
1330664521
1330664521
2147483688
1347569952
1966086
2763007
786432
1095586128
369295360
50331690
50331667
369295360
113
164
1811942144
1195725856
23356774
813957120
806093313
1330664521
1414417744
50331659
109290570
10223617
1148019796
973078528
1246907721
16777469
5898240
302055476
1937006964
196609
1090519040
707857674
1195986768
269484036
50331692
1195725856
2
1751477356
3913376084
2657177947
1751477356
2813790235
724469068
50331695
1195725856
1195725856
120
Connection from ('130.61.76.107', 35004)
küldve üres
120
Connection from ('130.61.76.107', 35006)
küldve üres
4278215680
1195725856
120
Connection from ('130.61.76.107', 35008)
küldve
1195725856
1212498244
0
1195725856
369295618
4278255616
50331695
1195725856
1195725856
0
50331695
1195725856
50331692
1195725856
369295616
1195725856
369295616
1162366031
50331695
1195725856
1397966893
1195725856
369295616
0
1397966893
0
369295616
2150498560
0
1195725856
1195725856
120
Connection from ('130.61.76.107', 35010)
küldve üres
1195725856
120
Connection from ('130.61.76.107', 35012)
küldve üres
120
Connection from ('130.61.76.107', 35014)
küldve üres
120
Connection from ('130.61.76.107', 35016)
küldve üres
120
Connection from ('130.61.76.107', 35018)
küldve üres
50331692
50331692
1195725856
50331695
120
Connection from ('130.61.76.107', 57566)
küldve üres
120
Connection from ('130.61.76.107', 57604)
küldve üres
120
Connection from ('130.61.76.107', 57606)
küldve üres
120
Connection from ('130.61.76.107', 57610)
küldve üres
1195725856
1195725856
120
Connection from ('130.61.76.107', 57816)
küldve üres
0
120
Connection from ('130.61.76.107', 57966)
küldve üres
120
Connection from ('130.61.76.107', 57968)
küldve üres
1212498244
1195725856
120
Connection from ('130.61.76.107', 58212)
küldve üres
120
Connection from ('130.61.76.107', 58226)
küldve üres
120
Connection from ('130.61.76.107', 58230)
küldve üres
120
Connection from ('130.61.76.107', 58232)
küldve üres
120
Connection from ('130.61.76.107', 58246)
küldve üres
120
Connection from ('130.61.76.107', 58252)
küldve üres
1195725856
120
Connection from ('130.61.76.107', 58286)
küldve üres
120
Connection from ('130.61.76.107', 58306)
küldve üres
120
Connection from ('130.61.76.107', 58308)
küldve üres
120
Connection from ('130.61.76.107', 58310)
küldve üres
120
Connection from ('130.61.76.107', 58312)
küldve üres
1212501072
1195725856
218762506
1195725856
1330664521
1330664521
2147483688
1966086
369295360
369295360
113
164
1811942144
1330664521
234881024
369295360
1195725856
369295360
0
369295618
369295618
369295360
0
50331695
1195725856
1195725856
120
Connection from ('130.61.76.107', 58670)
küldve üres
120
Connection from ('130.61.76.107', 58672)
küldve üres
120
Connection from ('130.61.76.107', 58678)
küldve üres
1195725856
120
Connection from ('130.61.76.107', 58686)
küldve üres
120
Connection from ('130.61.76.107', 58692)
küldve üres
50331695
120
Connection from ('130.61.76.107', 58706)
küldve
120
Connection from ('130.61.76.107', 58710)
küldve üres
120
Connection from ('130.61.76.107', 58714)
küldve
120
Connection from ('130.61.76.107', 58716)
küldve
369295616
1195725856
1195725856
369295616
0
1397966893
0
369295616
2150498560
0
1195725856
50331692
120
Connection from ('130.61.76.107', 58976)
küldve üres
120
Connection from ('130.61.76.107', 58980)
küldve
120
Connection from ('130.61.76.107', 58982)
küldve üres
120
Connection from ('130.61.76.107', 59050)
küldve üres
120
Connection from ('130.61.76.107', 59056)
küldve üres
1195725856
50331692
0
369295616
1195725856
120
Connection from ('130.61.76.107', 59164)
küldve üres
120
Connection from ('130.61.76.107', 59172)
küldve üres
120
Connection from ('130.61.76.107', 59252)
küldve üres
120
Connection from ('130.61.76.107', 59328)
küldve üres
120
Connection from ('130.61.76.107', 59330)
küldve üres
120
Connection from ('130.61.76.107', 59332)
küldve üres
120
Connection from ('130.61.76.107', 59360)
küldve üres
120
Connection from ('130.61.76.107', 59362)
küldve üres
120
Connection from ('130.61.76.107', 59374)
küldve üres
120
Connection from ('130.61.76.107', 59380)
küldve üres
120
Connection from ('130.61.76.107', 59382)
küldve üres
120
Connection from ('130.61.76.107', 59386)
küldve üres
120
Connection from ('130.61.76.107', 59388)
küldve üres
120
Connection from ('130.61.76.107', 59414)
küldve üres
1195725856
1195725856
67174425
327936
1129270862
67174480
327936
67174480
327936
1129270862
1195725856
120
Connection from ('130.61.76.107', 59558)
küldve üres
120
Connection from ('130.61.76.107', 59560)
küldve üres
1195725856
120
Connection from ('130.61.76.107', 59706)
küldve üres
1195725856
1195725856
369295616
369295616
120
Connection from ('130.61.76.107', 59850)
küldve üres
50331695
120
Connection from ('130.61.76.107', 59952)
küldve üres
120
Connection from ('130.61.76.107', 59956)
küldve üres
120
Connection from ('130.61.76.107', 59962)
küldve üres
120
Connection from ('130.61.76.107', 59966)
küldve üres
120
Connection from ('130.61.76.107', 59970)
küldve üres
120
Connection from ('130.61.76.107', 59992)
küldve üres
120
Connection from ('130.61.76.107', 60002)
küldve üres
120
Connection from ('130.61.76.107', 60004)
küldve üres
120
Connection from ('130.61.76.107', 60020)
küldve üres
120
Connection from ('130.61.76.107', 60022)
küldve üres
120
Connection from ('130.61.76.107', 60024)
küldve
120
Connection from ('130.61.76.107', 60026)
küldve
120
Connection from ('130.61.76.107', 60028)
küldve üres
120
Connection from ('130.61.76.107', 60030)
küldve
120
Connection from ('130.61.76.107', 60032)
küldve üres
120
Connection from ('130.61.76.107', 60034)
küldve
120
Connection from ('130.61.76.107', 60038)
küldve
120
Connection from ('130.61.76.107', 60040)
küldve
120
Connection from ('130.61.76.107', 60042)
küldve üres
120
Connection from ('130.61.76.107', 60048)
küldve üres
120
Connection from ('130.61.76.107', 60052)
küldve
120
Connection from ('130.61.76.107', 60054)
küldve üres
120
Connection from ('130.61.76.107', 60064)
küldve üres
1195725856
4278215680
120
Connection from ('130.61.76.107', 60202)
küldve üres
120
Connection from ('130.61.76.107', 60214)
küldve üres
120
Connection from ('130.61.76.107', 60222)
küldve üres
120
Connection from ('130.61.76.107', 60264)
küldve üres
120
Connection from ('130.61.76.107', 60266)
küldve üres
120
Connection from ('130.61.76.107', 60276)
küldve üres
120
Connection from ('130.61.76.107', 60278)
küldve
120
Connection from ('130.61.76.107', 60280)
küldve
120
Connection from ('130.61.76.107', 60282)
küldve üres
120
Connection from ('130.61.76.107', 60286)
küldve
120
Connection from ('130.61.76.107', 60290)
küldve
120
Connection from ('130.61.76.107', 60292)
küldve
120
Connection from ('130.61.76.107', 60294)
küldve
120
Connection from ('130.61.76.107', 60302)
küldve üres
120
Connection from ('130.61.76.107', 60310)
küldve üres
120
Connection from ('130.61.76.107', 60312)
küldve üres
120
Connection from ('130.61.76.107', 60314)
küldve
120
Connection from ('130.61.76.107', 60316)
küldve
120
Connection from ('130.61.76.107', 60322)
küldve
120
Connection from ('130.61.76.107', 60324)
küldve
120
Connection from ('130.61.76.107', 60326)
küldve
120
Connection from ('130.61.76.107', 60328)
küldve
120
Connection from ('130.61.76.107', 60330)
küldve
120
Connection from ('130.61.76.107', 60332)
küldve
120
Connection from ('130.61.76.107', 60334)
küldve
120
Connection from ('130.61.76.107', 60342)
küldve
120
Connection from ('130.61.76.107', 60346)
küldve
120
Connection from ('130.61.76.107', 60352)
küldve
120
Connection from ('130.61.76.107', 60360)
küldve
120
Connection from ('130.61.76.107', 60362)
küldve
120
Connection from ('130.61.76.107', 60364)
küldve
120
Connection from ('130.61.76.107', 60366)
küldve
120
Connection from ('130.61.76.107', 60368)
küldve
120
Connection from ('130.61.76.107', 60370)
küldve
120
Connection from ('130.61.76.107', 60372)
küldve
1397966893
1212498244
120
Connection from ('130.61.76.107', 60400)
küldve üres
120
Connection from ('130.61.76.107', 60406)
küldve
120
Connection from ('130.61.76.107', 60408)
küldve üres
120
Connection from ('130.61.76.107', 60414)
küldve üres
120
Connection from ('130.61.76.107', 60420)
küldve
120
Connection from ('130.61.76.107', 60422)
küldve üres
120
Connection from ('130.61.76.107', 60426)
küldve
120
Connection from ('130.61.76.107', 60432)
küldve
120
Connection from ('130.61.76.107', 60442)
küldve üres
120
Connection from ('130.61.76.107', 60444)
küldve üres
120
Connection from ('130.61.76.107', 60450)
küldve üres
120
Connection from ('130.61.76.107', 60452)
küldve üres
120
Connection from ('130.61.76.107', 60454)
küldve üres
120
Connection from ('130.61.76.107', 60456)
küldve
120
Connection from ('130.61.76.107', 60458)
küldve
120
Connection from ('130.61.76.107', 60460)
küldve üres
120
Connection from ('130.61.76.107', 60462)
küldve
120
Connection from ('130.61.76.107', 60464)
küldve
120
Connection from ('130.61.76.107', 60466)
küldve
120
Connection from ('130.61.76.107', 60470)
küldve
120
Connection from ('130.61.76.107', 60474)
küldve
120
Connection from ('130.61.76.107', 60476)
küldve
120
Connection from ('130.61.76.107', 60478)
küldve
120
Connection from ('130.61.76.107', 60494)
küldve
120
Connection from ('130.61.76.107', 60498)
küldve
120
Connection from ('130.61.76.107', 60500)
küldve
120
Connection from ('130.61.76.107', 60502)
küldve üres
120
Connection from ('130.61.76.107', 60524)
küldve üres
120
Connection from ('130.61.76.107', 60526)
küldve
120
Connection from ('130.61.76.107', 60528)
küldve
120
Connection from ('130.61.76.107', 60530)
küldve üres
120
Connection from ('130.61.76.107', 60532)
küldve üres
120
Connection from ('130.61.76.107', 60534)
küldve üres
120
Connection from ('130.61.76.107', 60536)
küldve üres
1195725856
369295618
4278255616
120
Connection from ('130.61.76.107', 60730)
küldve üres
50331695
120
Connection from ('130.61.76.107', 60732)
küldve üres
120
Connection from ('130.61.76.107', 60734)
küldve üres
120
Connection from ('130.61.76.107', 60736)
küldve üres
120
Connection from ('130.61.76.107', 60752)
küldve üres
120
Connection from ('130.61.76.107', 60758)
küldve üres
369295616
0
1212501072
1195725856
218762506
1195725856
761904646
50331692
50331692
0
1195725856
1195725856
120
Connection from ('130.61.76.107', 60988)
küldve üres
120
Connection from ('130.61.76.107', 32814)
küldve üres
120
Connection from ('130.61.76.107', 32820)
küldve üres
50331695
120
Connection from ('130.61.76.107', 32836)
küldve üres
120
Connection from ('130.61.76.107', 32846)
küldve üres
120
Connection from ('130.61.76.107', 32856)
küldve üres
120
Connection from ('130.61.76.107', 32860)
küldve
120
Connection from ('130.61.76.107', 32878)
küldve
120
Connection from ('130.61.76.107', 32880)
küldve
120
Connection from ('130.61.76.107', 32884)
küldve
120
Connection from ('130.61.76.107', 32888)
küldve
120
Connection from ('130.61.76.107', 32894)
küldve
120
Connection from ('130.61.76.107', 32904)
küldve üres
67174425
327936
1129270862
120
Connection from ('130.61.76.107', 32922)
küldve üres
120
Connection from ('130.61.76.107', 32934)
küldve üres
120
Connection from ('130.61.76.107', 32958)
küldve
67174480
327936
1129270862
1195725856
120
Connection from ('130.61.76.107', 33168)
küldve üres
120
Connection from ('130.61.76.107', 33184)
küldve üres
0
120
Connection from ('130.61.76.107', 33258)
küldve üres
120
Connection from ('130.61.76.107', 33272)
küldve üres
120
Connection from ('130.61.76.107', 33286)
küldve üres
120
Connection from ('130.61.76.107', 33288)
küldve üres
120
Connection from ('130.61.76.107', 33308)
küldve üres
120
Connection from ('130.61.76.107', 33334)
küldve üres
50331695
1195725856
120
Connection from ('130.61.76.107', 33562)
küldve üres
1195725856
369295616
1195725856
369295616
1162366031
120
Connection from ('130.61.76.107', 33598)
küldve üres
120
Connection from ('130.61.76.107', 33630)
küldve üres
120
Connection from ('130.61.76.107', 33634)
küldve üres
120
Connection from ('130.61.76.107', 33640)
küldve üres
120
Connection from ('130.61.76.107', 33644)
küldve
120
Connection from ('130.61.76.107', 33646)
küldve üres
Serving on ('0.0.0.0', 12345)
369295616
1195725856
1195725856
1195725856
1195725856
1212501072
302055450
50331692
49
110
0
369295616
0
120
Connection from ('130.61.76.107', 33894)
küldve üres
120
Connection from ('130.61.76.107', 33896)
küldve üres
120
Connection from ('130.61.76.107', 33928)
küldve üres
0
4278215680
1195725856
1195725856
1195725856
1195725856
302055450
1212501072
49
110
50331692
0
369295616
120
Connection from ('130.61.76.107', 34268)
küldve üres
120
Connection from ('130.61.76.107', 34286)
küldve üres
120
Connection from ('130.61.76.107', 34288)
küldve üres
120
Connection from ('130.61.76.107', 34292)
küldve üres
1195725856
120
Connection from ('130.61.76.107', 34422)
küldve üres
120
Connection from ('130.61.76.107', 34424)
küldve üres
1195725856
1212501072
1195725856
218762506
1195725856
1330664521
1330664521
2147483688
1966086
369295360
369295360
113
164
1811942144
1330664521
234881024
369295360
1195725856
0
0
120
Connection from ('130.61.76.107', 34658)
küldve
120
Connection from ('130.61.76.107', 34664)
küldve üres
120
Connection from ('130.61.76.107', 34704)
küldve üres
120
Connection from ('130.61.76.107', 34706)
küldve üres
1195725856
120
Connection from ('130.61.76.107', 34740)
küldve üres
1212498244
120
Connection from ('130.61.76.107', 34780)
küldve üres
120
Connection from ('130.61.76.107', 34788)
küldve üres
1195725856
369295616
1195725856
369295616
1162366031
120
Connection from ('130.61.76.107', 34794)
küldve üres
0
369295616
369295616
1195725856
0
1431520594
120
Connection from ('130.61.76.107', 34972)
küldve üres
120
Connection from ('130.61.76.107', 34974)
küldve
120
Connection from ('130.61.76.107', 34990)
küldve üres
120
Connection from ('130.61.76.107', 34992)
küldve
50331692
120
Connection from ('130.61.76.107', 35048)
küldve üres
120
Connection from ('130.61.76.107', 35050)
küldve üres
120
Connection from ('130.61.76.107', 35058)
küldve üres
120
Connection from ('130.61.76.107', 35060)
küldve üres
120
Connection from ('130.61.76.107', 35062)
küldve üres
120
Connection from ('130.61.76.107', 35066)
küldve üres
120
Connection from ('130.61.76.107', 35092)
küldve üres
120
Connection from ('130.61.76.107', 35098)
küldve üres
120
Connection from ('130.61.76.107', 35106)
küldve üres
120
Connection from ('130.61.76.107', 35108)
küldve
120
Connection from ('130.61.76.107', 35114)
küldve üres
120
Connection from ('130.61.76.107', 35116)
küldve üres
120
Connection from ('130.61.76.107', 35118)
küldve üres
120
Connection from ('130.61.76.107', 35120)
küldve üres
120
Connection from ('130.61.76.107', 35122)
küldve üres
120
Connection from ('130.61.76.107', 35126)
küldve üres
120
Connection from ('130.61.76.107', 35130)
küldve üres
120
Connection from ('130.61.76.107', 35132)
küldve üres
120
Connection from ('130.61.76.107', 35138)
küldve üres
120
Connection from ('130.61.76.107', 35140)
küldve üres
120
Connection from ('130.61.76.107', 35142)
küldve
120
Connection from ('130.61.76.107', 35152)
küldve üres
120
Connection from ('130.61.76.107', 35162)
küldve üres
120
Connection from ('130.61.76.107', 35164)
küldve
120
Connection from ('130.61.76.107', 35166)
küldve üres
120
Connection from ('130.61.76.107', 35168)
küldve üres
120
Connection from ('130.61.76.107', 35172)
küldve üres
120
Connection from ('130.61.76.107', 35174)
küldve üres
120
Connection from ('130.61.76.107', 35178)
küldve üres
120
Connection from ('130.61.76.107', 35182)
küldve
120
Connection from ('130.61.76.107', 35184)
küldve üres
120
Connection from ('130.61.76.107', 35186)
küldve
120
Connection from ('130.61.76.107', 35188)
küldve üres
120
Connection from ('130.61.76.107', 35190)
küldve
120
Connection from ('130.61.76.107', 35192)
küldve
120
Connection from ('130.61.76.107', 35202)
küldve
120
Connection from ('130.61.76.107', 35204)
küldve üres
120
Connection from ('130.61.76.107', 35206)
küldve
120
Connection from ('130.61.76.107', 35210)
küldve
120
Connection from ('130.61.76.107', 35214)
küldve
120
Connection from ('130.61.76.107', 35216)
küldve
120
Connection from ('130.61.76.107', 35218)
küldve
1195725856
369295618
4278255616
120
Connection from ('130.61.76.107', 35222)
küldve
120
Connection from ('130.61.76.107', 35224)
küldve üres
120
Connection from ('130.61.76.107', 35226)
küldve üres
1212501072
1195725856
218762506
1195725856
1330664521
1330664521
2147483688
1966086
369295360
369295360
113
164
1811942144
1330664521
369295360
234881024
1195725856
369295360
0
369295360
369295360
120
Connection from ('130.61.76.107', 35240)
küldve üres
120
Connection from ('130.61.76.107', 35242)
küldve üres
1195725856
1195725856
1212501072
302055450
50331692
49
110
0
369295616
0
1195725856
120
Connection from ('130.61.76.107', 35512)
küldve üres
120
Connection from ('130.61.76.107', 35514)
küldve
1195725856
369295618
4278255616
1195725856
120
Connection from ('130.61.76.107', 35794)
küldve üres
120
Connection from ('130.61.76.107', 35798)
küldve üres
120
Connection from ('130.61.76.107', 35800)
küldve üres
120
Connection from ('130.61.76.107', 35802)
küldve üres
50331691
50331692
50331692
120
Connection from ('130.61.76.107', 35908)
küldve üres
1195725856
0
0
50331695
0
369295616
369295616
1195725856
0
1431520594
1195725856
1195725856
369295618
1195725856
50331695
0
120
Connection from ('130.61.76.107', 36548)
küldve üres
50331692
120
Connection from ('130.61.76.107', 36600)
küldve üres
120
Connection from ('130.61.76.107', 36642)
küldve üres
120
Connection from ('130.61.76.107', 36656)
küldve üres
1195725856
120
Connection from ('130.61.76.107', 36678)
küldve üres
120
Connection from ('130.61.76.107', 36868)
küldve
120
Connection from ('130.61.76.107', 36888)
küldve üres
120
Connection from ('130.61.76.107', 36896)
küldve üres
120
Connection from ('130.61.76.107', 36898)
küldve üres
120
Connection from ('130.61.76.107', 36900)
küldve üres
120
Connection from ('130.61.76.107', 36902)
küldve üres
120
Connection from ('130.61.76.107', 36912)
küldve üres
120
Connection from ('130.61.76.107', 36914)
küldve üres
120
Connection from ('130.61.76.107', 36916)
küldve üres
0
120
Connection from ('130.61.76.107', 36946)
küldve üres
120
Connection from ('130.61.76.107', 36948)
küldve üres
120
Connection from ('130.61.76.107', 36950)
küldve üres
120
Connection from ('130.61.76.107', 36952)
küldve üres
120
Connection from ('130.61.76.107', 36954)
küldve üres
0
120
Connection from ('130.61.76.107', 36956)
küldve üres
120
Connection from ('130.61.76.107', 36962)
küldve üres
120
Connection from ('130.61.76.107', 36964)
küldve üres
120
Connection from ('130.61.76.107', 36968)
küldve üres
1195725856
120
Connection from ('130.61.76.107', 36970)
küldve üres
120
Connection from ('130.61.76.107', 44378)
küldve
120
Connection from ('130.61.76.107', 44380)
küldve üres
120
Connection from ('130.61.76.107', 44384)
küldve
120
Connection from ('130.61.76.107', 44386)
küldve
120
Connection from ('130.61.76.107', 44388)
küldve
120
Connection from ('130.61.76.107', 44390)
küldve
120
Connection from ('130.61.76.107', 44392)
küldve üres
120
Connection from ('130.61.76.107', 44394)
küldve üres
120
Connection from ('130.61.76.107', 44396)
küldve
120
Connection from ('130.61.76.107', 44398)
küldve
120
Connection from ('130.61.76.107', 44400)
küldve üres
120
Connection from ('130.61.76.107', 44402)
küldve
120
Connection from ('130.61.76.107', 44404)
küldve üres
120
Connection from ('130.61.76.107', 44406)
küldve
120
Connection from ('130.61.76.107', 44408)
küldve üres
120
Connection from ('130.61.76.107', 44412)
küldve üres
120
Connection from ('130.61.76.107', 44414)
küldve
120
Connection from ('130.61.76.107', 44416)
küldve
120
Connection from ('130.61.76.107', 44418)
küldve üres
120
Connection from ('130.61.76.107', 44420)
küldve üres
120
Connection from ('130.61.76.107', 44422)
küldve üres
120
Connection from ('130.61.76.107', 44424)
küldve üres
50331692
1195725856
0
4278215680
120
Connection from ('130.61.76.107', 44426)
küldve üres
120
Connection from ('130.61.76.107', 44428)
küldve üres
120
Connection from ('130.61.76.107', 44430)
küldve
120
Connection from ('130.61.76.107', 44432)
küldve
120
Connection from ('130.61.76.107', 44436)
küldve üres
120
Connection from ('130.61.76.107', 44438)
küldve üres
1195725856
369295616
0
1397966893
0
369295616
2150498560
0
1195725856
1212498244
1195725856
50331691
1195725856
369295616
1195725856
369295616
1162366031
120
Connection from ('130.61.76.107', 44440)
küldve üres
120
Connection from ('130.61.76.107', 44442)
küldve üres
120
Connection from ('130.61.76.107', 44444)
küldve üres
120
Connection from ('130.61.76.107', 44446)
küldve
120
Connection from ('130.61.76.107', 44448)
küldve
120
Connection from ('130.61.76.107', 44450)
küldve
120
Connection from ('130.61.76.107', 44452)
küldve
120
Connection from ('130.61.76.107', 44454)
küldve
120
Connection from ('130.61.76.107', 44456)
küldve
120
Connection from ('130.61.76.107', 44458)
küldve üres
4278215680
0
1195725856
120
Connection from ('130.61.76.107', 44460)
küldve üres
120
Connection from ('130.61.76.107', 44462)
küldve üres
120
Connection from ('130.61.76.107', 44464)
küldve üres
1195725856
1195725856
0
120
Connection from ('130.61.76.107', 44466)
küldve üres
120
Connection from ('130.61.76.107', 44468)
küldve
120
Connection from ('130.61.76.107', 44470)
küldve
1195725856
0
1195725856
120
Connection from ('130.61.76.107', 44472)
küldve üres
120
Connection from ('130.61.76.107', 44476)
küldve
50331695
120
Connection from ('130.61.76.107', 44478)
küldve üres
120
Connection from ('130.61.76.107', 44482)
küldve üres
1195725856
120
Connection from ('130.61.76.107', 44484)
küldve
120
Connection from ('130.61.76.107', 44486)
küldve
120
Connection from ('130.61.76.107', 44488)
küldve üres
120
Connection from ('130.61.76.107', 44490)
küldve üres
50331695
50331695
369295616
1195725856
50331695
1195725856
50331695
120
Connection from ('130.61.76.107', 44492)
küldve üres
120
Connection from ('130.61.76.107', 44494)
küldve üres
120
Connection from ('130.61.76.107', 44496)
küldve
120
Connection from ('130.61.76.107', 44498)
küldve
120
Connection from ('130.61.76.107', 44500)
küldve
120
Connection from ('130.61.76.107', 44502)
küldve
120
Connection from ('130.61.76.107', 44504)
küldve üres
50331692
0
369295616
369295616
1195725856
0
1431520594
1195725856
50331692
50331695
50331695
50331695
50331695
1195725856
1195725856
1195725856
1195725856
369295618
4278255616
1212498244
50331695
1195725856
50331695
1195725856
67174425
327936
1129270862
67174480
327936
1129270862
67174480
327936
1129270862
1195725856
369295616
1195725856
369295616
1162366031
0
369295616
369295616
1195725856
0
1431520594
50331695
1195725856
4278215680
120
Connection from ('130.61.76.107', 44506)
küldve üres
1195725856
120
Connection from ('130.61.76.107', 44508)
küldve
120
Connection from ('130.61.76.107', 44510)
küldve
1195725856
120
Connection from ('130.61.76.107', 44512)
küldve üres
120
Connection from ('130.61.76.107', 44514)
küldve üres
50331692
1195725856
50331695
50331695
1195725856
369295616
0
1397966893
0
369295616
2150498560
0
1195725856
50331695
120
Connection from ('130.61.76.107', 44516)
küldve üres
120
Connection from ('130.61.76.107', 44518)
küldve üres
120
Connection from ('130.61.76.107', 44520)
küldve üres
120
Connection from ('130.61.76.107', 44522)
küldve üres
120
Connection from ('130.61.76.107', 44524)
küldve üres
120
Connection from ('130.61.76.107', 44526)
küldve üres
120
Connection from ('130.61.76.107', 44528)
küldve üres
120
Connection from ('130.61.76.107', 44530)
küldve üres
1195725856
1195725856
50331695
0
369295616
1195725856
50331667
50331692
1195725856
120
Connection from ('130.61.76.107', 44532)
küldve üres
1195725856
1195725856
369295616
1195725856
369295616
1162366031
1212498244
0
50331694
369295616
1195725856
1195725856
50331694
120
Connection from ('130.61.76.107', 44534)
küldve üres
1195725856
1195725856
0
1212501072
1195725856
218762506
1195725856
1330664521
1330664521
2147483688
1966086
369295360
369295360
113
164
1811942144
1330664521
369295360
234881024
1195725856
369295360
369295618
0
369295618
369295360
0
369295360
1195725856
369295616
1195725856
0
1195725856
50331692
50331695
50331695
369295616
0
1212501072
1195725856
218762506
1195725856
761904646
1195725856
4278215680
50331695
1195725856
120
Connection from ('130.61.76.107', 44538)
küldve üres
1195725856
120
Connection from ('130.61.76.107', 44540)
küldve üres
1195725856
120
Connection from ('130.61.76.107', 44542)
küldve üres
120
Connection from ('130.61.76.107', 44544)
küldve üres
120
Connection from ('130.61.76.107', 44546)
küldve üres
120
Connection from ('130.61.76.107', 44548)
küldve üres
120
Connection from ('130.61.76.107', 44550)
küldve üres
50331695
1195725856
369295616
1195725856
50331667
1195725856
120
Connection from ('130.61.76.107', 44552)
küldve üres
1195725856
1212501072
1195725856
50331692
302055450
49
110
0
369295616
50331695
1195725856
1212498244
1195725856
1195725856
1212501072
302055450
50331692
49
110
0
369295616
0
0
1195725856
1195725856
1195725856
369295616
0
1397966893
0
369295616
2150498560
0
1195725856
120
Connection from ('130.61.76.107', 44554)
küldve üres
50331692
369295616
1195725856
50331667
50331695
120
Connection from ('130.61.76.107', 35046)
küldve üres
120
Connection from ('130.61.76.107', 35048)
küldve üres
120
Connection from ('130.61.76.107', 35050)
küldve üres
120
Connection from ('130.61.76.107', 35052)
küldve üres
120
Connection from ('130.61.76.107', 35054)
küldve üres
120
Connection from ('130.61.76.107', 35056)
küldve üres
120
Connection from ('130.61.76.107', 35058)
küldve üres
1195725856
1195725856
369295618
50331695
120
Connection from ('130.61.76.107', 35060)
küldve üres
1195725856
1195725856
1212501072
302055450
50331692
49
110
0
0
0
0
0
369295616
0
120
Connection from ('130.61.76.107', 35064)
küldve üres
1397966893
4278215680
1195725856
302055476
120
Connection from ('130.61.76.107', 35066)
küldve üres
50331695
1195725856
1195725856
50331695
1195725856
50331695
369295616
0
1212501072
1195725856
218762506
1195725856
761904646
120
Connection from ('130.61.76.107', 35068)
küldve üres
120
Connection from ('130.61.76.107', 35070)
küldve üres
120
Connection from ('130.61.76.107', 35072)
küldve üres
120
Connection from ('130.61.76.107', 35074)
küldve üres
120
Connection from ('130.61.76.107', 35076)
küldve üres
120
Connection from ('130.61.76.107', 35078)
küldve üres
120
Connection from ('130.61.76.107', 35080)
küldve üres
120
Connection from ('130.61.76.107', 35084)
küldve üres
120
Connection from ('130.61.76.107', 35086)
küldve üres
120
Connection from ('130.61.76.107', 35088)
küldve üres
120
Connection from ('130.61.76.107', 35092)
küldve üres
120
Connection from ('130.61.76.107', 35094)
küldve üres
120
Connection from ('130.61.76.107', 35096)
küldve üres
120
Connection from ('130.61.76.107', 35098)
küldve üres
1195725856
369295616
1195725856
50331692
1195725856
1195725856
1162366031
120
Connection from ('130.61.76.107', 35100)
küldve üres
120
Connection from ('130.61.76.107', 35102)
küldve üres
1195725856
1212498244
0
120
Connection from ('130.61.76.107', 35104)
küldve üres
1195725856
1195725856
1162366031
120
Connection from ('130.61.76.107', 35106)
küldve üres
120
Connection from ('130.61.76.107', 35108)
küldve üres
120
Connection from ('130.61.76.107', 35110)
küldve üres
1195725856
369295618
4278255616
120
Connection from ('130.61.76.107', 35112)
küldve üres
120
Connection from ('130.61.76.107', 35114)
küldve üres
50331695
1195725856
1195725856
1162366031
1195725856
120
Connection from ('130.61.76.107', 35116)
küldve üres
120
Connection from ('130.61.76.107', 35118)
küldve üres
120
Connection from ('130.61.76.107', 35120)
küldve üres
120
Connection from ('130.61.76.107', 35122)
küldve üres
120
Connection from ('130.61.76.107', 35124)
küldve üres
1195725856
120
Connection from ('130.61.76.107', 35126)
küldve üres
1195725856
120
Connection from ('130.61.76.107', 35128)
küldve üres
120
Connection from ('130.61.76.107', 35130)
küldve üres
120
Connection from ('130.61.76.107', 35134)
küldve
120
Connection from ('130.61.76.107', 35136)
küldve
120
Connection from ('130.61.76.107', 35138)
küldve üres
1212501072
1195725856
218762506
1195725856
1330664521
1330664521
2147483688
1966086
369295360
369295360
113
164
1811942144
1330664521
234881024
1195725856
0
0
1195725856
369295616
1195725856
50331667
1195725856
369295618
4278255616
1195725856
369295616
1195725856
50331667
369295616
120
Connection from ('130.61.76.107', 35140)
küldve üres
120
Connection from ('130.61.76.107', 35142)
küldve üres
120
Connection from ('130.61.76.107', 35144)
küldve üres
1195725856
1195725856
4278215680
120
Connection from ('130.61.76.107', 35146)
küldve üres
120
Connection from ('130.61.76.107', 35148)
küldve üres
50331692
0
1195725856
67174425
327936
1129270862
50331695
67174480
327936
1129270862
1195725856
1162366031
120
Connection from ('130.61.76.107', 35150)
küldve üres
50331695
1195725856
1195725856
369295616
1195725856
50331667
120
Connection from ('130.61.76.107', 35152)
küldve üres
120
Connection from ('130.61.76.107', 35154)
küldve üres
1195725856
1195725856
120
Connection from ('130.61.76.107', 35156)
küldve üres
369295616
0
1212501072
1195725856
218762506
1195725856
761904646
50331695
1195725856
1195725856
120
Connection from ('130.61.76.107', 35158)
küldve üres
302055518
4278215680
1195725856
1195725856
120
Connection from ('130.61.76.107', 35160)
küldve üres
1195725856
1195725856
1195725856
1195725856
369295616
0
1397966893
0
369295616
2150498560
0
1195725856
50331692
50331692
369295616
1195725856
1212501072
1195725856
218762506
369295360
369295618
1195725856
0
0
50331695
1195725856
1195725856
50331667
120
Connection from ('130.61.76.107', 35162)
küldve üres
120
Connection from ('130.61.76.107', 35164)
küldve
120
Connection from ('130.61.76.107', 35166)
küldve üres
120
Connection from ('130.61.76.107', 35168)
küldve
120
Connection from ('130.61.76.107', 35170)
küldve üres
120
Connection from ('130.61.76.107', 35172)
küldve üres
120
Connection from ('130.61.76.107', 35174)
küldve üres
120
Connection from ('130.61.76.107', 35178)
küldve
120
Connection from ('130.61.76.107', 35180)
küldve üres
120
Connection from ('130.61.76.107', 35182)
küldve
120
Connection from ('130.61.76.107', 35186)
küldve üres
1195725856
120
Connection from ('130.61.76.107', 35188)
küldve üres
1195725856
1195725856
50331692
120
Connection from ('130.61.76.107', 35190)
küldve üres
120
Connection from ('130.61.76.107', 35192)
küldve üres
50331695
1195725856
120
Connection from ('130.61.76.107', 35194)
küldve üres
50331667
1212501072
1195725856
218762506
1195725856
1330664521
1330664521
234881024
369295618
0
1195725856
50331695
120
Connection from ('130.61.76.107', 35196)
küldve üres
120
Connection from ('130.61.76.107', 35198)
küldve üres
120
Connection from ('130.61.76.107', 35200)
küldve üres
1195725856
50331695
120
Connection from ('130.61.76.107', 35202)
küldve üres
120
Connection from ('130.61.76.107', 35204)
küldve üres
120
Connection from ('130.61.76.107', 35206)
küldve üres
1195725856
50331695
1195725856
4278215680
50331692
369295616
0
1212501072
1195725856
0
50331695
0
1195725856
1195725856
1212498244
50331695
1195725856
120
Connection from ('130.61.76.107', 35208)
küldve üres
1195725856
50331667
50331695
1195725856
1212501072
1195725856
302055450
50331692
49
110
0
369295616
120
Connection from ('130.61.76.107', 35210)
küldve üres
120
Connection from ('130.61.76.107', 35212)
küldve üres
120
Connection from ('130.61.76.107', 35214)
küldve üres
1195725856
0
4278215680
120
Connection from ('130.61.76.107', 35216)
küldve üres
1195725856
1195725856
1212501072
0
302055450
50331692
49
110
0
369295616
50331695
50331695
1212501072
1195725856
1195725856
Serving on ('0.0.0.0', 12345)
1195725856
369295616
0
1397966893
0
369295616
2150498560
0
1195725856
1195725856
1195725856
0
50331692
1195725856
50331695
1195725856
1195725856
1212501072
302055450
50331692
49
110
0
369295616
1195725856
1195725856
369295616
0
1212501072
1195725856
218762506
1195725856
761904646
67174425
67174425
327936
1129270862
67174480
327936
1129270862
1195725856
1212498244
369295616
1195725856
120
Connection from ('130.61.76.107', 35218)
küldve üres
1195725856
1195725856
50331695
0
50331690
50331695
120
Connection from ('130.61.76.107', 35220)
küldve üres
120
Connection from ('130.61.76.107', 35222)
küldve üres
1195725856
1195725856
1162366031
50331695
1195725856
1195725856
369295616
0
1397966893
0
369295616
2150498560
0
1195725856
50331695
120
Connection from ('130.61.76.107', 35224)
küldve üres
120
Connection from ('130.61.76.107', 35226)
küldve üres
120
Connection from ('130.61.76.107', 35228)
küldve üres
120
Connection from ('130.61.76.107', 35230)
küldve
120
Connection from ('130.61.76.107', 35232)
küldve üres
120
Connection from ('130.61.76.107', 35234)
küldve üres
120
Connection from ('130.61.76.107', 35236)
küldve üres
120
Connection from ('130.61.76.107', 35238)
küldve üres
120
Connection from ('130.61.76.107', 35240)
küldve üres
120
Connection from ('130.61.76.107', 35242)
küldve üres
1195725856
120
Connection from ('130.61.76.107', 35244)
küldve üres
369295616
1195725856
0
1195725856
1195725856
50331695
120
Connection from ('130.61.76.107', 35246)
küldve
120
Connection from ('130.61.76.107', 35248)
küldve
120
Connection from ('130.61.76.107', 35250)
küldve üres
1195725856
1195725856
1162366031
369295616
1195725856
50331667
1195725856
369295616
0
1212501072
1195725856
218762506
1195725856
761904646
1195725856
120
Connection from ('130.61.76.107', 35252)
küldve üres
120
Connection from ('130.61.76.107', 35254)
küldve üres
50331695
369295616
1195725856
50331667
1195725856
4278215680
120
Connection from ('130.61.76.107', 35256)
küldve üres
50331695
120
Connection from ('130.61.76.107', 35260)
küldve üres
120
Connection from ('130.61.76.107', 35262)
küldve üres
369295616
1195725856
50331695
120
Connection from ('130.61.76.107', 35264)
küldve üres
50331695
120
Connection from ('130.61.76.107', 35266)
küldve üres
120
Connection from ('130.61.76.107', 35268)
küldve üres
1195725856
50331692
50331692
1212501072
1195725856
218762506
1195725856
1330664521
1330664521
2147483688
1966086
369295360
369295360
113
164
1811942144
1330664521
234881024
369295360
1195725856
369295360
369295360
0
0
0
120
Connection from ('130.61.76.107', 35270)
küldve üres
120
Connection from ('130.61.76.107', 35272)
küldve üres
120
Connection from ('130.61.76.107', 35274)
küldve üres
120
Connection from ('130.61.76.107', 35278)
küldve üres
120
Connection from ('130.61.76.107', 35280)
küldve
120
Connection from ('130.61.76.107', 35282)
küldve üres
120
Connection from ('130.61.76.107', 35284)
küldve
120
Connection from ('130.61.76.107', 35286)
küldve
120
Connection from ('130.61.76.107', 35288)
küldve üres
120
Connection from ('130.61.76.107', 35290)
küldve
120
Connection from ('130.61.76.107', 35292)
küldve üres
120
Connection from ('130.61.76.107', 35294)
küldve
120
Connection from ('130.61.76.107', 35296)
küldve
120
Connection from ('130.61.76.107', 35298)
küldve
120
Connection from ('130.61.76.107', 35300)
küldve üres
120
Connection from ('130.61.76.107', 35302)
küldve
120
Connection from ('130.61.76.107', 35304)
küldve
120
Connection from ('130.61.76.107', 35306)
küldve
120
Connection from ('130.61.76.107', 35308)
küldve
120
Connection from ('130.61.76.107', 35310)
küldve
120
Connection from ('130.61.76.107', 35312)
küldve
120
Connection from ('130.61.76.107', 35314)
küldve üres
120
Connection from ('130.61.76.107', 35316)
küldve üres
120
Connection from ('130.61.76.107', 35318)
küldve üres
120
Connection from ('130.61.76.107', 35320)
küldve üres
120
Connection from ('130.61.76.107', 35322)
küldve
120
Connection from ('130.61.76.107', 35324)
küldve
120
Connection from ('130.61.76.107', 35326)
küldve
120
Connection from ('130.61.76.107', 35328)
küldve
120
Connection from ('130.61.76.107', 35332)
küldve
120
Connection from ('130.61.76.107', 35334)
küldve
120
Connection from ('130.61.76.107', 35336)
küldve üres
120
Connection from ('130.61.76.107', 35338)
küldve
120
Connection from ('130.61.76.107', 35342)
küldve üres
0
1195725856
120
Connection from ('130.61.76.107', 35344)
küldve üres
120
Connection from ('130.61.76.107', 35346)
küldve üres
120
Connection from ('130.61.76.107', 35348)
küldve üres
120
Connection from ('130.61.76.107', 35350)
küldve üres
120
Connection from ('130.61.76.107', 35354)
küldve üres
120
Connection from ('130.61.76.107', 35356)
küldve üres
1195725856
1195725856
50331667
50331692
120
Connection from ('130.61.76.107', 35358)
küldve üres
120
Connection from ('130.61.76.107', 35360)
küldve üres
0
369295616
369295616
1195725856
0
1431520594
50331695
1195725856
50331695
1195725856
50331695
50331695
50331692
50331695
50331695
1195725856
0
50331695
1195725856
369295618
4278255616
120
Connection from ('130.61.76.107', 35362)
küldve üres
1195725856
1195725856
120
Connection from ('130.61.76.107', 35364)
küldve üres
369295616
0
1212501072
1195725856
218762506
1195725856
761904646
120
Connection from ('130.61.76.107', 35366)
küldve üres
120
Connection from ('130.61.76.107', 35368)
küldve üres
120
Connection from ('130.61.76.107', 35370)
küldve üres
50331695
1195725856
50331695
50331695
50331695
50331695
50331695
50331695
50331695
120
Connection from ('130.61.76.107', 35372)
küldve üres
120
Connection from ('130.61.76.107', 35374)
küldve üres
120
Connection from ('130.61.76.107', 35376)
küldve
120
Connection from ('130.61.76.107', 35378)
küldve
120
Connection from ('130.61.76.107', 35380)
küldve
120
Connection from ('130.61.76.107', 35384)
küldve üres
1212498244
1195725856
120
Connection from ('130.61.76.107', 35386)
küldve üres
120
Connection from ('130.61.76.107', 35388)
küldve üres
1195725856
369295616
1195725856
50331667
50331695
120
Connection from ('130.61.76.107', 35390)
küldve üres
120
Connection from ('130.61.76.107', 35392)
küldve üres
120
Connection from ('130.61.76.107', 35394)
küldve üres
120
Connection from ('130.61.76.107', 35396)
küldve üres
120
Connection from ('130.61.76.107', 35398)
küldve üres
120
Connection from ('130.61.76.107', 35400)
küldve üres
120
Connection from ('130.61.76.107', 35402)
küldve üres
1195725856
120
Connection from ('130.61.76.107', 35406)
küldve üres
120
Connection from ('130.61.76.107', 35408)
küldve üres
120
Connection from ('130.61.76.107', 35410)
küldve üres
120
Connection from ('130.61.76.107', 35412)
küldve üres
1195725856
120
Connection from ('130.61.76.107', 35414)
küldve üres
1195725856
1195725856
120
Connection from ('130.61.76.107', 35416)
küldve üres
50331695
50331695
120
Connection from ('130.61.76.107', 35418)
küldve üres
120
Connection from ('130.61.76.107', 35420)
küldve üres
1195725856
50331695
120
Connection from ('130.61.76.107', 35422)
küldve üres
1195725856
50331692
0
1195725856
50331695
1195725856
1195725856
0
120
Connection from ('130.61.76.107', 35424)
küldve üres
50331695
1195725856
50331695
1212501072
1195725856
218762506
1195725856
1330664521
1330664521
2147483688
1966086
369295360
369295360
113
164
1811942144
1330664521
234881024
369295618
0
1212498244
120
Connection from ('130.61.76.107', 35426)
küldve üres
0
369295616
1195725856
1195725856
1195725856
50331695
120
Connection from ('130.61.76.107', 35430)
küldve üres
120
Connection from ('130.61.76.107', 35432)
küldve üres
1195725856
120
Connection from ('130.61.76.107', 35434)
küldve üres
120
Connection from ('130.61.76.107', 35436)
küldve üres
120
Connection from ('130.61.76.107', 35440)
küldve üres
120
Connection from ('130.61.76.107', 35442)
küldve üres
120
Connection from ('130.61.76.107', 35444)
küldve
120
Connection from ('130.61.76.107', 35448)
küldve
120
Connection from ('130.61.76.107', 35450)
küldve üres
120
Connection from ('130.61.76.107', 35452)
küldve
120
Connection from ('130.61.76.107', 35454)
küldve
120
Connection from ('130.61.76.107', 35456)
küldve
120
Connection from ('130.61.76.107', 35458)
küldve
120
Connection from ('130.61.76.107', 35460)
küldve
120
Connection from ('130.61.76.107', 35462)
küldve
120
Connection from ('130.61.76.107', 35464)
küldve
120
Connection from ('130.61.76.107', 35466)
küldve
120
Connection from ('130.61.76.107', 35468)
küldve
120
Connection from ('130.61.76.107', 35470)
küldve
120
Connection from ('130.61.76.107', 35472)
küldve
120
Connection from ('130.61.76.107', 35474)
küldve
120
Connection from ('130.61.76.107', 35476)
küldve
120
Connection from ('130.61.76.107', 35478)
küldve
120
Connection from ('130.61.76.107', 35480)
küldve
120
Connection from ('130.61.76.107', 35482)
küldve
120
Connection from ('130.61.76.107', 35484)
küldve
120
Connection from ('130.61.76.107', 35486)
küldve üres
120
Connection from ('130.61.76.107', 35488)
küldve
120
Connection from ('130.61.76.107', 35490)
küldve
120
Connection from ('130.61.76.107', 35492)
küldve
120
Connection from ('130.61.76.107', 35494)
küldve
120
Connection from ('130.61.76.107', 35496)
küldve
120
Connection from ('130.61.76.107', 35498)
küldve
120
Connection from ('130.61.76.107', 35500)
küldve üres
120
Connection from ('130.61.76.107', 35502)
küldve
1195725856
120
Connection from ('130.61.76.107', 35504)
küldve
120
Connection from ('130.61.76.107', 35506)
küldve
120
Connection from ('130.61.76.107', 35508)
küldve
120
Connection from ('130.61.76.107', 35510)
küldve
120
Connection from ('130.61.76.107', 35512)
küldve
1212501072
1195725856
218762506
1195725856
1330664521
1330664521
2147483688
1966086
369295360
369295360
113
164
1811942144
1330664521
369295360
234881024
1195725856
369295360
369295618
369295360
0
0
120
Connection from ('130.61.76.107', 35514)
küldve üres
120
Connection from ('130.61.76.107', 35516)
küldve üres
120
Connection from ('130.61.76.107', 35518)
küldve üres
120
Connection from ('130.61.76.107', 35520)
küldve üres
120
Connection from ('130.61.76.107', 35522)
küldve üres
369295616
1195725856
67174425
327936
1129270862
120
Connection from ('130.61.76.107', 35524)
küldve üres
120
Connection from ('130.61.76.107', 35526)
küldve üres
50331695
67174480
327936
1129270862
1195725856
1195725856
369295616
0
1397966893
0
369295616
2150498560
0
1195725856
120
Connection from ('130.61.76.107', 35528)
küldve üres
120
Connection from ('130.61.76.107', 35530)
küldve üres
120
Connection from ('130.61.76.107', 35534)
küldve
120
Connection from ('130.61.76.107', 35536)
küldve
120
Connection from ('130.61.76.107', 35538)
küldve
120
Connection from ('130.61.76.107', 35540)
küldve üres
120
Connection from ('130.61.76.107', 35542)
küldve üres
120
Connection from ('130.61.76.107', 35546)
küldve üres
1195725856
1195725856
1162366031
120
Connection from ('130.61.76.107', 35548)
küldve üres
120
Connection from ('130.61.76.107', 35550)
küldve üres
120
Connection from ('130.61.76.107', 35552)
küldve
120
Connection from ('130.61.76.107', 35554)
küldve
120
Connection from ('130.61.76.107', 35556)
küldve
120
Connection from ('130.61.76.107', 35558)
küldve
120
Connection from ('130.61.76.107', 35560)
küldve
120
Connection from ('130.61.76.107', 35562)
küldve
120
Connection from ('130.61.76.107', 35564)
küldve
120
Connection from ('130.61.76.107', 35566)
küldve
120
Connection from ('130.61.76.107', 35568)
küldve
120
Connection from ('130.61.76.107', 35570)
küldve
120
Connection from ('130.61.76.107', 35572)
küldve
50331695
120
Connection from ('130.61.76.107', 35574)
küldve üres
120
Connection from ('130.61.76.107', 35576)
küldve üres
120
Connection from ('130.61.76.107', 35578)
küldve üres
120
Connection from ('130.61.76.107', 35580)
küldve üres
120
Connection from ('130.61.76.107', 35584)
küldve üres
120
Connection from ('130.61.76.107', 35586)
küldve üres
120
Connection from ('130.61.76.107', 35588)
küldve üres
1195725856
120
Connection from ('130.61.76.107', 35590)
küldve üres
1195725856
1212501072
1195725856
302055450
49
110
50331692
0
369295616
120
Connection from ('130.61.76.107', 35592)
küldve üres
120
Connection from ('130.61.76.107', 60578)
küldve üres
120
Connection from ('130.61.76.107', 36058)
küldve üres
120
Connection from ('130.61.76.107', 45192)
küldve üres
120
Connection from ('130.61.76.107', 43240)
küldve üres
120
Connection from ('130.61.76.107', 49658)
küldve üres
120
Connection from ('130.61.76.107', 48040)
küldve üres
120
Connection from ('130.61.76.107', 40588)
küldve üres
1195725856
50331692
1195725856
1195725856
1195725856
1212501072
1195725856
50331692
49
110
302055450
0
369295616
120
Connection from ('130.61.76.107', 39454)
küldve üres
0
120
Connection from ('130.61.76.107', 46968)
küldve üres
120
Connection from ('130.61.76.107', 43414)
küldve üres
120
Connection from ('130.61.76.107', 48150)
küldve üres
120
Connection from ('130.61.76.107', 60746)
küldve üres
120
Connection from ('130.61.76.107', 54780)
küldve üres
120
Connection from ('130.61.76.107', 50028)
küldve üres
120
Connection from ('130.61.76.107', 45164)
küldve üres
1195725856
369295616
0
1212501072
1195725856
218762506
1195725856
761904646
120
Connection from ('130.61.76.107', 57530)
küldve üres
120
Connection from ('130.61.76.107', 59384)
küldve üres
1212498244
1195725856
0
120
Connection from ('130.61.76.107', 51912)
küldve üres
1195725856
1195725856
1212501072
50331692
302055450
49
110
0
369295616
1195725856
120
Connection from ('130.61.76.107', 41784)
küldve üres
120
Connection from ('130.61.76.107', 58174)
küldve üres
50331695
50331692
50331692
120
Connection from ('130.61.76.107', 60232)
küldve üres
1195725856
1195725856
50331695
1195725856
50331695
369295616
1195725856
50331667
120
Connection from ('130.61.76.107', 46220)
küldve üres
120
Connection from ('130.61.76.107', 38166)
küldve üres
120
Connection from ('130.61.76.107', 37540)
küldve üres
1212498244
120
Connection from ('130.61.76.107', 45098)
küldve üres
120
Connection from ('130.61.76.107', 60694)
küldve üres
120
Connection from ('130.61.76.107', 55446)
küldve üres
1195725856
120
Connection from ('130.61.76.107', 42622)
küldve üres
120
Connection from ('130.61.76.107', 60818)
küldve üres
120
Connection from ('130.61.76.107', 48792)
küldve üres
120
Connection from ('130.61.76.107', 37980)
küldve üres
120
Connection from ('130.61.76.107', 42680)
küldve üres
120
Connection from ('130.61.76.107', 39740)
küldve üres
1195725856
50331695
1195725856
369295616
1195725856
50331667
0
1195725856
369295616
0
1212501072
1195725856
218762506
1195725856
761904646
369295616
1195725856
1195725856
50331695
50331695
120
Connection from ('130.61.76.107', 49586)
küldve üres
120
Connection from ('130.61.76.107', 53608)
küldve üres
120
Connection from ('130.61.76.107', 57828)
küldve üres
1195725856
369295616
1195725856
50331667
0
50331695
120
Connection from ('130.61.76.107', 39612)
küldve üres
120
Connection from ('130.61.76.107', 41484)
küldve üres
369295616
1195725856
50331695
1195725856
1195725856
1195725856
0
1195725856
120
Connection from ('130.61.76.107', 53266)
küldve üres
120
Connection from ('130.61.76.107', 39514)
küldve üres
120
Connection from ('130.61.76.107', 43698)
küldve üres
1195725856
1195725856
120
Connection from ('130.61.76.107', 33908)
küldve üres
120
Connection from ('130.61.76.107', 49482)
küldve üres
1195725856
50331691
369295616
1195725856
50331667
1195725856
0
369295616
1195725856
50331667
1195725856
0
1195725856
1212501072
1195725856
218762506
369295616
1330664521
1330664521
2147483688
1347569952
1966086
2763007
786432
1095586128
369295360
50331690
50331667
369295360
113
164
180
1811942144
1195725856
23356774
4190024921
813957120
806093313
1330664521
1229870665
1414417744
50331659
109290570
302147950
1010792557
10223617
1212501062
2255749120
50331670
1148019796
973078528
1246907721
16777469
5898240
302055476
1937006964
29491200
196609
1090519040
707857674
1195986768
269484036
369295616
0
1212501072
1195725856
218762506
1195725856
761904646
1212498244
1195725856
2
1751477356
2657177947
1751477356
724469068
369295616
1195725856
50331695
369295616
1195725856
